<?xml version="1.0" encoding="UTF-8"?>
<!-- Generated by org.testng.reporters.JUnitXMLReporter -->
<testsuite ignored="1" hostname="Rifa-AgileIt" failures="1" tests="4" name="Test(failed)" time="83.018" errors="0" timestamp="2024-04-18T15:13:55 IST">
  <testcase classname="org.bus.HomeButtons" name="pipBtn" time="4.417"/>
  <testcase classname="org.bus.HomeButtons" name="roleBtn" time="0.217"/>
  <testcase classname="org.bus.HomeButtons" name="calBut" time="0.417"/>
  <testcase classname="org.bus.HiringToggleButton" name="hirTogBut" time="42.543">
    <failure type="org.openqa.selenium.ElementClickInterceptedException" message="element click intercepted: Element &amp;lt;input type=&amp;quot;checkbox&amp;quot; role=&amp;quot;switch&amp;quot; class=&amp;quot;mat-slide-toggle-input cdk-visually-hidden&amp;quot; id=&amp;quot;mat-slide-toggle-6-input&amp;quot; tabindex=&amp;quot;0&amp;quot; aria-checked=&amp;quot;true&amp;quot;&amp;gt; is not clickable at point (348, 144). Other element would receive the click: &amp;lt;label class=&amp;quot;mat-slide-toggle-label&amp;quot; for=&amp;quot;mat-slide-toggle-6-input&amp;quot;&amp;gt;...&amp;lt;/label&amp;gt;
  (Session info: chrome=124.0.6367.60)
Build info: version: &amp;apos;4.18.1&amp;apos;, revision: &amp;apos;b1d3319b48&amp;apos;
System info: os.name: &amp;apos;Windows 10&amp;apos;, os.arch: &amp;apos;amd64&amp;apos;, os.version: &amp;apos;10.0&amp;apos;, java.version: &amp;apos;11.0.21&amp;apos;
Driver info: org.openqa.selenium.chrome.ChromeDriver
Command: [ab73c91b601f4f538b0cc4478dc46c52, clickElement {id=f.3F51F6BF80B64B951A051E35E668CB4F.d.EF4E99A961468F59C37C67BF9F82E213.e.44}]
Capabilities {acceptInsecureCerts: false, browserName: chrome, browserVersion: 124.0.6367.60, chrome: {chromedriverVersion: 124.0.6367.60 (8771130bd84f..., userDataDir: C:\Users\user\AppData\Local...}, fedcm:accounts: true, goog:chromeOptions: {debuggerAddress: localhost:55324}, networkConnectionEnabled: false, pageLoadStrategy: normal, platformName: windows, proxy: Proxy(), se:cdp: ws://localhost:55324/devtoo..., se:cdpVersion: 124.0.6367.60, setWindowRect: true, strictFileInteractability: false, timeouts: {implicit: 0, pageLoad: 300000, script: 30000}, unhandledPromptBehavior: dismiss and notify, webauthn:extension:credBlob: true, webauthn:extension:largeBlob: true, webauthn:extension:minPinLength: true, webauthn:extension:prf: true, webauthn:virtualAuthenticators: true}
Element: [[ChromeDriver: chrome on windows (ab73c91b601f4f538b0cc4478dc46c52)] -&amp;gt; xpath: //input[@id=&amp;apos;mat-slide-toggle-6-input&amp;apos;]]
Session ID: ab73c91b601f4f538b0cc4478dc46c52">
      <![CDATA[org.openqa.selenium.ElementClickInterceptedException: element click intercepted: Element <input type="checkbox" role="switch" class="mat-slide-toggle-input cdk-visually-hidden" id="mat-slide-toggle-6-input" tabindex="0" aria-checked="true"> is not clickable at point (348, 144). Other element would receive the click: <label class="mat-slide-toggle-label" for="mat-slide-toggle-6-input">...</label>
  (Session info: chrome=124.0.6367.60)
Build info: version: '4.18.1', revision: 'b1d3319b48'
System info: os.name: 'Windows 10', os.arch: 'amd64', os.version: '10.0', java.version: '11.0.21'
Driver info: org.openqa.selenium.chrome.ChromeDriver
Command: [ab73c91b601f4f538b0cc4478dc46c52, clickElement {id=f.3F51F6BF80B64B951A051E35E668CB4F.d.EF4E99A961468F59C37C67BF9F82E213.e.44}]
Capabilities {acceptInsecureCerts: false, browserName: chrome, browserVersion: 124.0.6367.60, chrome: {chromedriverVersion: 124.0.6367.60 (8771130bd84f..., userDataDir: C:\Users\user\AppData\Local...}, fedcm:accounts: true, goog:chromeOptions: {debuggerAddress: localhost:55324}, networkConnectionEnabled: false, pageLoadStrategy: normal, platformName: windows, proxy: Proxy(), se:cdp: ws://localhost:55324/devtoo..., se:cdpVersion: 124.0.6367.60, setWindowRect: true, strictFileInteractability: false, timeouts: {implicit: 0, pageLoad: 300000, script: 30000}, unhandledPromptBehavior: dismiss and notify, webauthn:extension:credBlob: true, webauthn:extension:largeBlob: true, webauthn:extension:minPinLength: true, webauthn:extension:prf: true, webauthn:virtualAuthenticators: true}
Element: [[ChromeDriver: chrome on windows (ab73c91b601f4f538b0cc4478dc46c52)] -> xpath: //input[@id='mat-slide-toggle-6-input']]
Session ID: ab73c91b601f4f538b0cc4478dc46c52
at org.openqa.selenium.remote.ErrorCodec.decode(ErrorCodec.java:167)
at org.openqa.selenium.remote.codec.w3c.W3CHttpResponseCodec.decode(W3CHttpResponseCodec.java:138)
at org.openqa.selenium.remote.codec.w3c.W3CHttpResponseCodec.decode(W3CHttpResponseCodec.java:50)
at org.openqa.selenium.remote.HttpCommandExecutor.execute(HttpCommandExecutor.java:190)
at org.openqa.selenium.remote.service.DriverCommandExecutor.invokeExecute(DriverCommandExecutor.java:216)
at org.openqa.selenium.remote.service.DriverCommandExecutor.execute(DriverCommandExecutor.java:174)
at org.openqa.selenium.remote.RemoteWebDriver.execute(RemoteWebDriver.java:519)
at org.openqa.selenium.remote.RemoteWebElement.execute(RemoteWebElement.java:223)
at org.openqa.selenium.remote.RemoteWebElement.click(RemoteWebElement.java:76)
at org.bus.HiringToggleButton.hirTogBut(HiringToggleButton.java:21)
at java.base/java.util.ArrayList.forEach(ArrayList.java:1541)
... Removed 31 stack frames]]>
    </failure>
  </testcase> <!-- hirTogBut -->
  <testcase classname="org.bus.HomeButtons" name="setBut" time="0.0">
    <ignored/>
  </testcase> <!-- setBut -->
</testsuite> <!-- Test(failed) -->
