<?xml version="1.0" encoding="UTF-8"?>
<!-- Generated by org.testng.reporters.JUnitReportReporter -->
<testsuite hostname="Rifa-AgileIt" failures="0" tests="1" name="org.viewprof.SoftSkills" time="43.228" errors="1" timestamp="2024-04-16T14:52:25 IST" skipped="0">
  <testcase classname="org.viewprof.SoftSkills" name="softSkill" time="43.228">
    <error message="element click intercepted: Element &lt;input _ngcontent-gyk-c213=&quot;&quot; type=&quot;text&quot; id=&quot;searchBtn&quot; aria-label=&quot;Number&quot; matinput=&quot;&quot; formcontrolname=&quot;skillValue&quot; placeholder=&quot;You can select up to 10&quot; class=&quot;mat-input-element mat-form-field-autofill-control mat-autocomplete-trigger ng-tns-c68-20 ng-untouched ng-pristine ng-valid cdk-text-field-autofill-monitored&quot; data-placeholder=&quot;You can select up to 10&quot; aria-invalid=&quot;false&quot; aria-required=&quot;false&quot; autocomplete=&quot;off&quot; role=&quot;combobox&quot; aria-autocomplete=&quot;list&quot; aria-expanded=&quot;false&quot; aria-haspopup=&quot;listbox&quot;&gt; is not clickable at point (755, 408). Other element would receive the click: &lt;div _ngcontent-gyk-c213=&quot;&quot; class=&quot;profile-header&quot;&gt;...&lt;/div&gt;
  (Session info: chrome=123.0.6312.123)
Build info: version: &#039;4.18.1&#039;, revision: &#039;b1d3319b48&#039;
System info: os.name: &#039;Windows 10&#039;, os.arch: &#039;amd64&#039;, os.version: &#039;10.0&#039;, java.version: &#039;11.0.21&#039;
Driver info: org.openqa.selenium.chrome.ChromeDriver
Command: [3e33788f8904bb6ade8950ea2eceaa31, clickElement {id=f.7FA1B5C50D1B18CE3101D087A45C4741.d.B4C318DCD33456393272205550E8B3BC.e.61}]
Capabilities {acceptInsecureCerts: false, browserName: chrome, browserVersion: 123.0.6312.123, chrome: {chromedriverVersion: 123.0.6312.122 (31f8248cdd9..., userDataDir: C:\Users\user\AppData\Local...}, fedcm:accounts: true, goog:chromeOptions: {debuggerAddress: localhost:49458}, networkConnectionEnabled: false, pageLoadStrategy: normal, platformName: windows, proxy: Proxy(), se:cdp: ws://localhost:49458/devtoo..., se:cdpVersion: 123.0.6312.123, setWindowRect: true, strictFileInteractability: false, timeouts: {implicit: 0, pageLoad: 300000, script: 30000}, unhandledPromptBehavior: dismiss and notify, webauthn:extension:credBlob: true, webauthn:extension:largeBlob: true, webauthn:extension:minPinLength: true, webauthn:extension:prf: true, webauthn:virtualAuthenticators: true}
Element: [[ChromeDriver: chrome on windows (3e33788f8904bb6ade8950ea2eceaa31)] -&gt; id: searchBtn]
Session ID: 3e33788f8904bb6ade8950ea2eceaa31" type="org.openqa.selenium.ElementClickInterceptedException">
      <![CDATA[org.openqa.selenium.ElementClickInterceptedException: element click intercepted: Element <input _ngcontent-gyk-c213="" type="text" id="searchBtn" aria-label="Number" matinput="" formcontrolname="skillValue" placeholder="You can select up to 10" class="mat-input-element mat-form-field-autofill-control mat-autocomplete-trigger ng-tns-c68-20 ng-untouched ng-pristine ng-valid cdk-text-field-autofill-monitored" data-placeholder="You can select up to 10" aria-invalid="false" aria-required="false" autocomplete="off" role="combobox" aria-autocomplete="list" aria-expanded="false" aria-haspopup="listbox"> is not clickable at point (755, 408). Other element would receive the click: <div _ngcontent-gyk-c213="" class="profile-header">...</div>
  (Session info: chrome=123.0.6312.123)
Build info: version: '4.18.1', revision: 'b1d3319b48'
System info: os.name: 'Windows 10', os.arch: 'amd64', os.version: '10.0', java.version: '11.0.21'
Driver info: org.openqa.selenium.chrome.ChromeDriver
Command: [3e33788f8904bb6ade8950ea2eceaa31, clickElement {id=f.7FA1B5C50D1B18CE3101D087A45C4741.d.B4C318DCD33456393272205550E8B3BC.e.61}]
Capabilities {acceptInsecureCerts: false, browserName: chrome, browserVersion: 123.0.6312.123, chrome: {chromedriverVersion: 123.0.6312.122 (31f8248cdd9..., userDataDir: C:\Users\user\AppData\Local...}, fedcm:accounts: true, goog:chromeOptions: {debuggerAddress: localhost:49458}, networkConnectionEnabled: false, pageLoadStrategy: normal, platformName: windows, proxy: Proxy(), se:cdp: ws://localhost:49458/devtoo..., se:cdpVersion: 123.0.6312.123, setWindowRect: true, strictFileInteractability: false, timeouts: {implicit: 0, pageLoad: 300000, script: 30000}, unhandledPromptBehavior: dismiss and notify, webauthn:extension:credBlob: true, webauthn:extension:largeBlob: true, webauthn:extension:minPinLength: true, webauthn:extension:prf: true, webauthn:virtualAuthenticators: true}
Element: [[ChromeDriver: chrome on windows (3e33788f8904bb6ade8950ea2eceaa31)] -> id: searchBtn]
Session ID: 3e33788f8904bb6ade8950ea2eceaa31
at java.base/jdk.internal.reflect.NativeConstructorAccessorImpl.newInstance0(Native Method)
at java.base/jdk.internal.reflect.NativeConstructorAccessorImpl.newInstance(NativeConstructorAccessorImpl.java:62)
at java.base/jdk.internal.reflect.DelegatingConstructorAccessorImpl.newInstance(DelegatingConstructorAccessorImpl.java:45)
at java.base/java.lang.reflect.Constructor.newInstance(Constructor.java:490)
at org.openqa.selenium.remote.ErrorCodec.decode(ErrorCodec.java:167)
at org.openqa.selenium.remote.codec.w3c.W3CHttpResponseCodec.decode(W3CHttpResponseCodec.java:138)
at org.openqa.selenium.remote.codec.w3c.W3CHttpResponseCodec.decode(W3CHttpResponseCodec.java:50)
at org.openqa.selenium.remote.HttpCommandExecutor.execute(HttpCommandExecutor.java:190)
at org.openqa.selenium.remote.service.DriverCommandExecutor.invokeExecute(DriverCommandExecutor.java:216)
at org.openqa.selenium.remote.service.DriverCommandExecutor.execute(DriverCommandExecutor.java:174)
at org.openqa.selenium.remote.RemoteWebDriver.execute(RemoteWebDriver.java:519)
at org.openqa.selenium.remote.RemoteWebElement.execute(RemoteWebElement.java:223)
at org.openqa.selenium.remote.RemoteWebElement.click(RemoteWebElement.java:76)
at org.viewprof.SoftSkills.softSkill(SoftSkills.java:29)
at java.base/jdk.internal.reflect.NativeMethodAccessorImpl.invoke0(Native Method)
at java.base/jdk.internal.reflect.NativeMethodAccessorImpl.invoke(NativeMethodAccessorImpl.java:62)
at java.base/jdk.internal.reflect.DelegatingMethodAccessorImpl.invoke(DelegatingMethodAccessorImpl.java:43)
at java.base/java.lang.reflect.Method.invoke(Method.java:566)
at org.testng.internal.MethodInvocationHelper.invokeMethod(MethodInvocationHelper.java:133)
at org.testng.internal.TestInvoker.invokeMethod(TestInvoker.java:598)
at org.testng.internal.TestInvoker.invokeTestMethod(TestInvoker.java:173)
at org.testng.internal.MethodRunner.runInSequence(MethodRunner.java:46)
at org.testng.internal.TestInvoker$MethodInvocationAgent.invoke(TestInvoker.java:824)
at org.testng.internal.TestInvoker.invokeTestMethods(TestInvoker.java:146)
at org.testng.internal.TestMethodWorker.invokeTestMethods(TestMethodWorker.java:146)
at org.testng.internal.TestMethodWorker.run(TestMethodWorker.java:128)
at java.base/java.util.ArrayList.forEach(ArrayList.java:1541)
at org.testng.TestRunner.privateRun(TestRunner.java:794)
at org.testng.TestRunner.run(TestRunner.java:596)
at org.testng.SuiteRunner.runTest(SuiteRunner.java:377)
at org.testng.SuiteRunner.runSequentially(SuiteRunner.java:371)
at org.testng.SuiteRunner.privateRun(SuiteRunner.java:332)
at org.testng.SuiteRunner.run(SuiteRunner.java:276)
at org.testng.SuiteRunnerWorker.runSuite(SuiteRunnerWorker.java:53)
at org.testng.SuiteRunnerWorker.run(SuiteRunnerWorker.java:96)
at org.testng.TestNG.runSuitesSequentially(TestNG.java:1212)
at org.testng.TestNG.runSuitesLocally(TestNG.java:1134)
at org.testng.TestNG.runSuites(TestNG.java:1063)
at org.testng.TestNG.run(TestNG.java:1031)
at org.testng.remote.AbstractRemoteTestNG.run(AbstractRemoteTestNG.java:115)
at org.testng.remote.RemoteTestNG.initAndRun(RemoteTestNG.java:251)
at org.testng.remote.RemoteTestNG.main(RemoteTestNG.java:77)
]]>
    </error>
  </testcase> <!-- softSkill -->
  <system-out/>
</testsuite> <!-- org.viewprof.SoftSkills -->
